TN:
SF:src/api/index.ts
FN:47,loadTodaysTwinsLineup
FN:67,(anonymous_1)
FN:68,(anonymous_2)
FN:69,(anonymous_3)
FN:89,(anonymous_4)
FN:98,(anonymous_5)
FN:127,fetchLiveGameData
FN:155,(anonymous_7)
FN:156,(anonymous_8)
FN:156,(anonymous_9)
FN:158,(anonymous_10)
FN:159,(anonymous_11)
FN:186,buildScoreFromStatsAndPlays
FNF:13
FNH:0
FNDA:0,loadTodaysTwinsLineup
FNDA:0,(anonymous_1)
FNDA:0,(anonymous_2)
FNDA:0,(anonymous_3)
FNDA:0,(anonymous_4)
FNDA:0,(anonymous_5)
FNDA:0,fetchLiveGameData
FNDA:0,(anonymous_7)
FNDA:0,(anonymous_8)
FNDA:0,(anonymous_9)
FNDA:0,(anonymous_10)
FNDA:0,(anonymous_11)
FNDA:0,buildScoreFromStatsAndPlays
DA:8,0
DA:9,0
DA:52,0
DA:53,0
DA:55,0
DA:56,0
DA:57,0
DA:58,0
DA:60,0
DA:61,0
DA:62,0
DA:65,0
DA:67,0
DA:68,0
DA:69,0
DA:70,0
DA:71,0
DA:72,0
DA:75,0
DA:76,0
DA:78,0
DA:79,0
DA:80,0
DA:81,0
DA:83,0
DA:84,0
DA:86,0
DA:87,0
DA:88,0
DA:89,0
DA:90,0
DA:91,0
DA:92,0
DA:93,0
DA:96,0
DA:97,0
DA:98,0
DA:101,0
DA:102,0
DA:103,0
DA:104,0
DA:105,0
DA:106,0
DA:113,0
DA:121,0
DA:123,0
DA:133,0
DA:134,0
DA:137,0
DA:138,0
DA:139,0
DA:140,0
DA:143,0
DA:144,0
DA:145,0
DA:146,0
DA:147,0
DA:149,0
DA:150,0
DA:151,0
DA:152,0
DA:155,0
DA:156,0
DA:158,0
DA:159,0
DA:160,0
DA:161,0
DA:162,0
DA:163,0
DA:164,0
DA:165,0
DA:167,0
DA:168,0
DA:178,0
DA:192,0
DA:209,0
DA:212,0
DA:213,0
DA:214,0
DA:215,0
DA:216,0
DA:217,0
DA:220,0
DA:221,0
DA:222,0
DA:225,0
DA:227,0
DA:228,0
DA:229,0
DA:230,0
DA:231,0
DA:232,0
DA:233,0
DA:235,0
DA:240,0
DA:241,0
DA:242,0
DA:245,0
DA:246,0
DA:247,0
DA:248,0
DA:249,0
DA:250,0
DA:251,0
DA:253,0
DA:255,0
LF:106
LH:0
BRDA:57,0,0,0
BRDA:57,0,1,0
BRDA:60,1,0,0
BRDA:60,1,1,0
BRDA:61,2,0,0
BRDA:61,2,1,0
BRDA:67,3,0,0
BRDA:67,3,1,0
BRDA:67,3,2,0
BRDA:67,4,0,0
BRDA:67,4,1,0
BRDA:68,5,0,0
BRDA:68,5,1,0
BRDA:71,6,0,0
BRDA:71,6,1,0
BRDA:75,7,0,0
BRDA:75,7,1,0
BRDA:80,8,0,0
BRDA:80,8,1,0
BRDA:84,9,0,0
BRDA:84,9,1,0
BRDA:88,10,0,0
BRDA:88,10,1,0
BRDA:91,11,0,0
BRDA:91,11,1,0
BRDA:93,12,0,0
BRDA:93,12,1,0
BRDA:96,13,0,0
BRDA:96,13,1,0
BRDA:103,14,0,0
BRDA:103,14,1,0
BRDA:105,15,0,0
BRDA:105,15,1,0
BRDA:115,16,0,0
BRDA:115,16,1,0
BRDA:121,17,0,0
BRDA:121,17,1,0
BRDA:133,18,0,0
BRDA:133,18,1,0
BRDA:139,19,0,0
BRDA:139,19,1,0
BRDA:143,20,0,0
BRDA:143,20,1,0
BRDA:144,21,0,0
BRDA:144,21,1,0
BRDA:145,22,0,0
BRDA:145,22,1,0
BRDA:151,23,0,0
BRDA:151,23,1,0
BRDA:152,24,0,0
BRDA:152,24,1,0
BRDA:155,25,0,0
BRDA:155,25,1,0
BRDA:161,26,0,0
BRDA:161,26,1,0
BRDA:162,27,0,0
BRDA:162,27,1,0
BRDA:163,28,0,0
BRDA:163,28,1,0
BRDA:165,29,0,0
BRDA:165,29,1,0
BRDA:167,30,0,0
BRDA:167,30,1,0
BRDA:212,31,0,0
BRDA:212,31,1,0
BRDA:212,32,0,0
BRDA:212,32,1,0
BRDA:212,33,0,0
BRDA:212,33,1,0
BRDA:212,34,0,0
BRDA:212,34,1,0
BRDA:213,35,0,0
BRDA:213,35,1,0
BRDA:214,36,0,0
BRDA:214,36,1,0
BRDA:215,37,0,0
BRDA:215,37,1,0
BRDA:216,38,0,0
BRDA:216,38,1,0
BRDA:217,39,0,0
BRDA:217,39,1,0
BRDA:220,40,0,0
BRDA:220,40,1,0
BRDA:221,41,0,0
BRDA:221,41,1,0
BRDA:222,42,0,0
BRDA:222,42,1,0
BRDA:225,43,0,0
BRDA:225,43,1,0
BRDA:228,44,0,0
BRDA:228,44,1,0
BRDA:230,45,0,0
BRDA:230,45,1,0
BRDA:232,46,0,0
BRDA:232,46,1,0
BRF:95
BRH:0
end_of_record
TN:
SF:src/game/index.ts
FN:14,isDraftingAllowed
FN:19,isScoreViewingAllowed
FN:44,(anonymous_2)
FN:65,loadAppState
FN:116,(anonymous_4)
FNF:5
FNH:0
FNDA:0,isDraftingAllowed
FNDA:0,isScoreViewingAllowed
FNDA:0,(anonymous_2)
FNDA:0,loadAppState
FNDA:0,(anonymous_4)
DA:8,0
DA:9,0
DA:15,0
DA:20,0
DA:21,0
DA:22,0
DA:23,0
DA:26,0
DA:27,0
DA:28,0
DA:30,0
DA:32,0
DA:35,0
DA:36,0
DA:38,0
DA:40,0
DA:44,0
DA:45,0
DA:48,0
DA:50,0
DA:53,0
DA:54,0
DA:55,0
DA:57,0
DA:60,0
DA:66,0
DA:67,0
DA:68,0
DA:69,0
DA:70,0
DA:71,0
DA:74,0
DA:75,0
DA:76,0
DA:78,0
DA:86,0
DA:87,0
DA:88,0
DA:89,0
DA:93,0
DA:94,0
DA:96,0
DA:97,0
DA:98,0
DA:100,0
DA:101,0
DA:102,0
DA:103,0
DA:106,0
DA:107,0
DA:111,0
DA:112,0
DA:113,0
DA:114,0
DA:116,0
DA:117,0
DA:120,0
DA:121,0
DA:125,0
DA:126,0
DA:127,0
DA:128,0
DA:131,0
DA:134,0
DA:135,0
DA:136,0
DA:137,0
DA:140,0
DA:143,0
DA:145,0
DA:146,0
LF:71
LH:0
BRDA:30,0,0,0
BRDA:30,0,1,0
BRDA:36,1,0,0
BRDA:36,1,1,0
BRDA:38,2,0,0
BRDA:38,2,1,0
BRDA:48,3,0,0
BRDA:48,3,1,0
BRDA:69,4,0,0
BRDA:69,4,1,0
BRDA:86,5,0,0
BRDA:86,5,1,0
BRDA:94,6,0,0
BRDA:94,6,1,0
BRDA:96,7,0,0
BRDA:96,7,1,0
BRDA:96,8,0,0
BRDA:96,8,1,0
BRDA:100,9,0,0
BRDA:100,9,1,0
BRDA:120,10,0,0
BRDA:120,10,1,0
BRDA:120,11,0,0
BRDA:120,11,1,0
BRDA:125,12,0,0
BRDA:125,12,1,0
BRDA:134,13,0,0
BRDA:134,13,1,0
BRF:28
BRH:0
end_of_record
TN:
SF:src/storage/index.ts
FN:10,(anonymous_0)
FN:18,(anonymous_1)
FN:27,(anonymous_2)
FN:36,loadAppState
FN:87,(anonymous_4)
FN:123,saveAppState
FN:142,clearAppState
FNF:7
FNH:5
FNDA:3,(anonymous_0)
FNDA:1,(anonymous_1)
FNDA:2,(anonymous_2)
FNDA:0,loadAppState
FNDA:0,(anonymous_4)
FNDA:1,saveAppState
FNDA:1,clearAppState
DA:7,1
DA:9,1
DA:11,3
DA:12,3
DA:14,1
DA:19,1
DA:20,1
DA:22,0
DA:23,0
DA:28,2
DA:29,2
DA:31,0
DA:37,0
DA:38,0
DA:39,0
DA:40,0
DA:41,0
DA:42,0
DA:45,0
DA:46,0
DA:47,0
DA:49,0
DA:57,0
DA:58,0
DA:59,0
DA:60,0
DA:64,0
DA:65,0
DA:67,0
DA:68,0
DA:69,0
DA:71,0
DA:72,0
DA:73,0
DA:74,0
DA:77,0
DA:78,0
DA:82,0
DA:83,0
DA:84,0
DA:85,0
DA:87,0
DA:88,0
DA:91,0
DA:92,0
DA:96,0
DA:97,0
DA:98,0
DA:101,0
DA:104,0
DA:105,0
DA:106,0
DA:107,0
DA:110,0
DA:112,0
DA:116,0
DA:118,0
DA:119,0
DA:124,1
DA:125,1
DA:129,1
DA:135,1
DA:136,1
DA:138,0
DA:143,1
DA:144,1
DA:146,0
LF:67
LH:16
BRDA:40,0,0,0
BRDA:40,0,1,0
BRDA:57,1,0,0
BRDA:57,1,1,0
BRDA:65,2,0,0
BRDA:65,2,1,0
BRDA:67,3,0,0
BRDA:67,3,1,0
BRDA:67,4,0,0
BRDA:67,4,1,0
BRDA:71,5,0,0
BRDA:71,5,1,0
BRDA:91,6,0,0
BRDA:91,6,1,0
BRDA:91,7,0,0
BRDA:91,7,1,0
BRDA:96,8,0,0
BRDA:96,8,1,0
BRDA:104,9,0,0
BRDA:104,9,1,0
BRDA:132,10,0,1
BRDA:132,10,1,0
BRF:22
BRH:1
end_of_record
TN:
SF:src/types/index.ts
FNF:0
FNH:0
LF:0
LH:0
BRF:0
BRH:0
end_of_record
TN:
SF:src/utils/dateUtils.ts
FN:5,formatDateMMDDYYYYInTZ
FN:13,(anonymous_1)
FN:14,(anonymous_2)
FN:15,(anonymous_3)
FN:23,formatLocalTime
FN:39,isDraftingAllowed
FNF:6
FNH:6
FNDA:2,formatDateMMDDYYYYInTZ
FNDA:1,(anonymous_1)
FNDA:3,(anonymous_2)
FNDA:5,(anonymous_3)
FNDA:3,formatLocalTime
FNDA:6,isDraftingAllowed
DA:6,2
DA:7,2
DA:13,1
DA:14,3
DA:15,5
DA:16,1
DA:18,1
DA:24,3
DA:25,2
DA:26,2
DA:27,2
DA:34,1
DA:40,6
DA:41,4
DA:42,4
DA:43,4
DA:45,3
DA:46,3
DA:47,3
DA:49,0
LF:20
LH:19
BRDA:13,0,0,1
BRDA:13,0,1,0
BRDA:14,1,0,1
BRDA:14,1,1,0
BRDA:15,2,0,1
BRDA:15,2,1,0
BRDA:24,3,0,1
BRDA:24,3,1,2
BRDA:40,4,0,2
BRDA:40,4,1,4
BRDA:43,5,0,1
BRDA:43,5,1,3
BRDA:45,6,0,3
BRDA:45,6,1,0
BRF:14
BRH:10
end_of_record
TN:
SF:src/utils/generalUtils.ts
FN:5,initials
FN:14,normalizeBoostersToHundred
FN:33,(anonymous_2)
FN:56,validateBoostersComplete
FN:60,(anonymous_4)
FN:63,(anonymous_5)
FNF:6
FNH:6
FNDA:20,initials
FNDA:7,normalizeBoostersToHundred
FNDA:15,(anonymous_2)
FNDA:6,validateBoostersComplete
FNDA:18,(anonymous_4)
FNDA:3,(anonymous_5)
DA:6,20
DA:7,14
DA:8,14
DA:9,14
DA:10,14
DA:20,7
DA:22,5
DA:23,5
DA:24,5
DA:26,5
DA:32,5
DA:33,15
DA:34,5
DA:36,5
DA:38,5
DA:39,5
DA:40,1
DA:41,1
DA:43,4
DA:44,4
DA:47,5
DA:48,5
DA:49,5
DA:50,5
DA:52,5
DA:60,18
DA:61,6
DA:63,3
LF:28
LH:28
BRDA:6,0,0,6
BRDA:6,0,1,14
BRDA:6,1,0,20
BRDA:6,1,1,16
BRDA:8,2,0,14
BRDA:8,2,1,0
BRDA:9,3,0,14
BRDA:9,3,1,4
BRDA:20,4,0,2
BRDA:20,4,1,5
BRDA:27,5,0,5
BRDA:27,5,1,0
BRDA:28,6,0,5
BRDA:28,6,1,0
BRDA:29,7,0,5
BRDA:29,7,1,0
BRDA:36,8,0,5
BRDA:36,8,1,0
BRDA:36,9,0,5
BRDA:36,9,1,0
BRDA:39,10,0,1
BRDA:39,10,1,4
BRDA:43,11,0,4
BRDA:43,11,1,0
BRDA:60,12,0,18
BRDA:60,12,1,2
BRDA:61,13,0,6
BRDA:61,13,1,4
BRDA:61,13,2,1
BRF:29
BRH:22
end_of_record
TN:
SF:src/utils/pure-dateUtils.ts
FN:5,formatDateMMDDYYYYInTZ
FN:13,(anonymous_1)
FN:14,(anonymous_2)
FN:15,(anonymous_3)
FN:23,formatLocalTime
FN:39,isDraftingAllowed
FNF:6
FNH:0
FNDA:0,formatDateMMDDYYYYInTZ
FNDA:0,(anonymous_1)
FNDA:0,(anonymous_2)
FNDA:0,(anonymous_3)
FNDA:0,formatLocalTime
FNDA:0,isDraftingAllowed
DA:6,0
DA:7,0
DA:13,0
DA:14,0
DA:15,0
DA:16,0
DA:18,0
DA:24,0
DA:25,0
DA:26,0
DA:27,0
DA:34,0
DA:40,0
DA:41,0
DA:42,0
DA:43,0
DA:45,0
DA:46,0
DA:47,0
DA:49,0
LF:20
LH:0
BRDA:13,0,0,0
BRDA:13,0,1,0
BRDA:14,1,0,0
BRDA:14,1,1,0
BRDA:15,2,0,0
BRDA:15,2,1,0
BRDA:24,3,0,0
BRDA:24,3,1,0
BRDA:40,4,0,0
BRDA:40,4,1,0
BRDA:43,5,0,0
BRDA:43,5,1,0
BRDA:45,6,0,0
BRDA:45,6,1,0
BRF:14
BRH:0
end_of_record
TN:
SF:src/utils/pure-generalUtils.ts
FN:5,initials
FN:14,normalizeBoostersToHundred
FN:33,(anonymous_2)
FN:56,validateBoostersComplete
FN:60,(anonymous_4)
FN:63,(anonymous_5)
FNF:6
FNH:0
FNDA:0,initials
FNDA:0,normalizeBoostersToHundred
FNDA:0,(anonymous_2)
FNDA:0,validateBoostersComplete
FNDA:0,(anonymous_4)
FNDA:0,(anonymous_5)
DA:6,0
DA:7,0
DA:8,0
DA:9,0
DA:10,0
DA:20,0
DA:22,0
DA:23,0
DA:24,0
DA:26,0
DA:32,0
DA:33,0
DA:34,0
DA:36,0
DA:38,0
DA:39,0
DA:40,0
DA:41,0
DA:43,0
DA:44,0
DA:47,0
DA:48,0
DA:49,0
DA:50,0
DA:52,0
DA:60,0
DA:61,0
DA:63,0
LF:28
LH:0
BRDA:6,0,0,0
BRDA:6,0,1,0
BRDA:6,1,0,0
BRDA:6,1,1,0
BRDA:8,2,0,0
BRDA:8,2,1,0
BRDA:9,3,0,0
BRDA:9,3,1,0
BRDA:20,4,0,0
BRDA:20,4,1,0
BRDA:27,5,0,0
BRDA:27,5,1,0
BRDA:28,6,0,0
BRDA:28,6,1,0
BRDA:29,7,0,0
BRDA:29,7,1,0
BRDA:36,8,0,0
BRDA:36,8,1,0
BRDA:36,9,0,0
BRDA:36,9,1,0
BRDA:39,10,0,0
BRDA:39,10,1,0
BRDA:43,11,0,0
BRDA:43,11,1,0
BRDA:60,12,0,0
BRDA:60,12,1,0
BRDA:61,13,0,0
BRDA:61,13,1,0
BRDA:61,13,2,0
BRF:29
BRH:0
end_of_record
TN:
SF:src/utils/pure-scoringUtils.ts
FN:40,applyBoost
FN:44,calculateBasePoints
FNF:2
FNH:0
FNDA:0,applyBoost
FNDA:0,calculateBasePoints
DA:23,0
DA:41,0
DA:45,0
LF:3
LH:0
BRDA:41,0,0,0
BRDA:41,0,1,0
BRF:2
BRH:0
end_of_record
TN:
SF:src/utils/scoringUtils.ts
FN:40,applyBoost
FN:44,calculateBasePoints
FNF:2
FNH:2
FNDA:10,applyBoost
FNDA:4,calculateBasePoints
DA:23,1
DA:41,10
DA:45,4
LF:3
LH:3
BRDA:41,0,0,5
BRDA:41,0,1,5
BRF:2
BRH:2
end_of_record
